<?xml version="1.0" encoding="UTF-8"?>
<!-- Generated by org.testng.reporters.JUnitReportReporter -->
<testsuite hostname="Shiv" failures="0" tests="6" name="testCases.TC_003_LoginDDT" time="53.384" errors="0" timestamp="2023-05-05T19:17:54 IST" skipped="0">
  <testcase classname="testCases.TC_003_LoginDDT" name="test_LoginDDT" time="10.511"/>
  <system-out/>
  <testcase classname="testCases.TC_003_LoginDDT" name="test_LoginDDT" time="10.588"/>
  <system-out/>
  <testcase classname="testCases.TC_003_LoginDDT" name="test_LoginDDT" time="10.414"/>
  <system-out/>
  <testcase classname="testCases.TC_003_LoginDDT" name="test_LoginDDT" time="10.646"/>
  <system-out/>
  <testcase classname="testCases.TC_003_LoginDDT" name="test_LoginDDT" time="0.712"/>
  <system-out/>
  <testcase classname="testCases.TC_003_LoginDDT" name="test_LoginDDT" time="10.513"/>
  <system-out/>
</testsuite> <!-- testCases.TC_003_LoginDDT -->
