<?xml version="1.0" encoding="UTF-8"?>
<!-- Generated by org.testng.reporters.JUnitReportReporter -->
<testsuite hostname="Shiv" failures="0" tests="1" name="testCases.TC_001_AccountRegistration" time="3.092" errors="0" timestamp="2023-05-05T19:17:54 IST" skipped="0">
  <testcase classname="testCases.TC_001_AccountRegistration" name="test_account_Registration" time="3.092"/>
  <system-out/>
</testsuite> <!-- testCases.TC_001_AccountRegistration -->
