<?xml version="1.0" encoding="UTF-8"?>
<!-- Generated by org.testng.reporters.JUnitReportReporter -->
<testsuite hostname="Shiv" failures="0" tests="1" name="testCases.TC_002_LoginTest" time="1.121" errors="0" timestamp="2023-05-06T16:09:18 IST" skipped="0">
  <testcase classname="testCases.TC_002_LoginTest" name="test_login" time="1.121"/>
  <system-out/>
</testsuite> <!-- testCases.TC_002_LoginTest -->
